\BOOKMARK [0][-]{chapter*.2}{\376\377\000S\000t\000r\000e\000s\000z\000c\000z\000e\000n\000i\000e}{}% 1
\BOOKMARK [0][-]{chapter.1}{\376\377\000W\000s\000t\001\031\000p}{}% 2
\BOOKMARK [0][-]{chapter.2}{\376\377\000P\000r\000z\000e\000d\000m\000i\000o\000t\000\040\000b\000a\000d\000a\000n\000i\000a}{}% 3
\BOOKMARK [1][-]{section.2.1}{\376\377\000C\000e\000l\000\040\000i\000\040\000z\000a\000k\000r\000e\000s\000\040\000b\000a\000d\000a\000n\000i\000a}{chapter.2}% 4
\BOOKMARK [1][-]{section.2.2}{\376\377\000P\000r\000z\000e\000g\000l\001\005\000d\000\040\000l\000i\000t\000e\000r\000a\000t\000u\000r\000y}{chapter.2}% 5
\BOOKMARK [1][-]{section.2.3}{\376\377\000Z\000m\000i\000e\000n\000n\000e\000\040\000w\000y\000b\000r\000a\000n\000e\000\040\000d\000o\000\040\000a\000n\000a\000l\000i\000z\000y}{chapter.2}% 6
\BOOKMARK [1][-]{section.2.4}{\376\377\000W\000s\000t\001\031\000p\000n\000a\000\040\000a\000n\000a\000l\000i\000z\000a\000\040\000d\000a\000n\000y\000c\000h}{chapter.2}% 7
\BOOKMARK [2][-]{subsection.2.4.1}{\376\377\000S\000t\000a\000t\000y\000s\000t\000y\000k\000i\000\040\000o\000p\000i\000s\000o\000w\000e\000\040\000i\000\040\000p\000o\000d\000s\000t\000a\000w\000o\000w\000a\000\040\000w\000i\000z\000u\000a\000l\000i\000z\000a\000c\000j\000a}{section.2.4}% 8
\BOOKMARK [2][-]{subsection.2.4.2}{\376\377\000B\000r\000a\000k\000i\000\040\000D\000a\000n\000y\000c\000h}{section.2.4}% 9
\BOOKMARK [2][-]{subsection.2.4.3}{\376\377\000O\000b\000s\000e\000r\000w\000a\000c\000j\000e\000\040\000o\000d\000s\000t\000a\000j\001\005\000c\000e}{section.2.4}% 10
\BOOKMARK [0][-]{chapter.3}{\376\377\000O\000p\000i\000s\000\040\000m\000e\000t\000o\000d}{}% 11
\BOOKMARK [1][-]{section.3.1}{\376\377\000A\000l\000g\000o\000r\000y\000t\000m\000\040\000K\000-\000m\000e\000a\000n\000s}{chapter.3}% 12
\BOOKMARK [2][-]{subsection.3.1.1}{\376\377\000O\000p\000i\000s\000\040\000m\000e\000t\000o\000d\000y}{section.3.1}% 13
\BOOKMARK [2][-]{subsection.3.1.2}{\376\377\000I\000n\000t\000e\000r\000p\000r\000e\000t\000a\000c\000j\000a\000\040\000k\000l\000a\000s\000t\000r\000\363\000w}{section.3.1}% 14
\BOOKMARK [2][-]{subsection.3.1.3}{\376\377\000D\000o\000b\000\363\000r\000\040\000l\000i\000c\000z\000b\000y\000\040\000k\000l\000a\000s\000t\000r\000\363\000w}{section.3.1}% 15
\BOOKMARK [1][-]{section.3.2}{\376\377\000A\000n\000a\000l\000i\000z\000a\000\040\000h\000i\000e\000r\000a\000r\000c\000h\000i\000c\000z\000n\000a\000\040\000k\000l\000a\000s\000t\000r\000\363\000w}{chapter.3}% 16
\BOOKMARK [2][-]{subsection.3.2.1}{\376\377\000O\000p\000i\000s\000\040\000m\000e\000t\000o\000d\000y}{section.3.2}% 17
\BOOKMARK [2][-]{subsection.3.2.2}{\376\377\000I\000n\000t\000e\000r\000p\000r\000e\000t\000a\000c\000j\000a\000\040\000m\000e\000t\000o\000d\000y}{section.3.2}% 18
\BOOKMARK [1][-]{section.3.3}{\376\377\000P\000o\000d\000s\000u\000m\000o\000w\000a\000n\000i\000e\000\040\000m\000e\000t\000o\000d}{chapter.3}% 19
\BOOKMARK [1][-]{section.3.4}{\376\377\000P\000r\000z\000e\000g\000l\001\005\000d\000\040\000l\000i\000t\000e\000r\000a\000t\000u\000r\000y\000\040\000d\000o\000t\000y\000c\000z\001\005\000c\000e\000j\000\040\000m\000e\000t\000o\000d}{chapter.3}% 20
\BOOKMARK [0][-]{chapter.4}{\376\377\000W\000y\000n\000i\000k\000i}{}% 21
\BOOKMARK [1][-]{section.4.1}{\376\377\000W\000y\000b\000\363\000r\000\040\000o\000p\000t\000y\000m\000a\000l\000n\000e\000j\000\040\000l\000i\000c\000z\000b\000y\000\040\000s\000k\000u\000p\000i\000e\001\104}{chapter.4}% 22
\BOOKMARK [1][-]{section.4.2}{\376\377\000C\000h\000a\000r\000a\000k\000t\000e\000r\000y\000s\000t\000y\000k\000a\000\040\000k\000l\000a\000s\000t\000r\000\363\000w\000\040\000\050\000K\000-\000m\000e\000a\000n\000s\000\051}{chapter.4}% 23
\BOOKMARK [1][-]{section.4.3}{\376\377\000I\000n\000t\000e\000r\000p\000r\000e\000t\000a\000c\000j\000a\000\040\000s\000e\000g\000m\000e\000n\000t\000\363\000w\000\040\000r\000y\000n\000k\000u}{chapter.4}% 24
\BOOKMARK [1][-]{section.4.4}{\376\377\000W\000e\000r\000y\000f\000i\000k\000a\000c\000j\000a\000\040\000m\000e\000t\000o\000d\001\005\000\040\000h\000i\000e\000r\000a\000r\000c\000h\000i\000c\000z\000n\001\005}{chapter.4}% 25
\BOOKMARK [1][-]{section.4.5}{\376\377\000P\000o\000r\000\363\000w\000n\000a\000n\000i\000e\000\040\000u\000z\000y\000s\000k\000a\000n\000y\000c\000h\000\040\000w\000y\000n\000i\000k\000\363\000w\000\040\000i\000\040\000o\000c\000e\000n\000a\000\040\000j\000a\000k\000o\001\133\000c\000i\000\040\000s\000k\000u\000p\000i\000e\001\104}{chapter.4}% 26
\BOOKMARK [0][-]{chapter.5}{\376\377\000P\000o\000d\000s\000u\000m\000o\000w\000a\000n\000i\000e}{}% 27
\BOOKMARK [1][-]{section.5.1}{\376\377\000O\000c\000e\000n\000a\000\040\000r\000e\000a\000l\000i\000z\000a\000c\000j\000i\000\040\000c\000e\000l\000u}{chapter.5}% 28
\BOOKMARK [1][-]{section.5.2}{\376\377\000O\000c\000e\000n\000a\000\040\000u\000z\000y\000s\000k\000a\000n\000y\000c\000h\000\040\000w\000y\000n\000i\000k\000\363\000w\000\040\000w\000\040\000k\000o\000n\000t\000e\000k\001\133\000c\000i\000e\000\040\000l\000i\000t\000e\000r\000a\000t\000u\000r\000y\000\040\000p\000r\000z\000e\000d\000m\000i\000o\000t\000u}{chapter.5}% 29
